Determining if the pthread_create exist failed with the following output:
Change Dir: /home/codemao/Panda/Projects/Learning/C++_Stand/build/CMakeFiles/CMakeTmp

Run Build Command:"/usr/bin/make" "cmTC_a4575/fast"
make[1]: Entering directory '/home/codemao/Panda/Projects/Learning/C++_Stand/build/CMakeFiles/CMakeTmp'
/usr/bin/make -f CMakeFiles/cmTC_a4575.dir/build.make CMakeFiles/cmTC_a4575.dir/build
make[2]: Entering directory '/home/codemao/Panda/Projects/Learning/C++_Stand/build/CMakeFiles/CMakeTmp'
Building C object CMakeFiles/cmTC_a4575.dir/CheckSymbolExists.c.o
/usr/bin/cc    -o CMakeFiles/cmTC_a4575.dir/CheckSymbolExists.c.o   -c /home/codemao/Panda/Projects/Learning/C++_Stand/build/CMakeFiles/CMakeTmp/CheckSymbolExists.c
Linking C executable cmTC_a4575
/usr/local/bin/cmake -E cmake_link_script CMakeFiles/cmTC_a4575.dir/link.txt --verbose=1
/usr/bin/cc      -rdynamic CMakeFiles/cmTC_a4575.dir/CheckSymbolExists.c.o  -o cmTC_a4575 
CMakeFiles/cmTC_a4575.dir/CheckSymbolExists.c.o：在函数‘main’中：
CheckSymbolExists.c:(.text+0x16)：对‘pthread_create’未定义的引用
collect2: error: ld returned 1 exit status
CMakeFiles/cmTC_a4575.dir/build.make:86: recipe for target 'cmTC_a4575' failed
make[2]: *** [cmTC_a4575] Error 1
make[2]: Leaving directory '/home/codemao/Panda/Projects/Learning/C++_Stand/build/CMakeFiles/CMakeTmp'
Makefile:121: recipe for target 'cmTC_a4575/fast' failed
make[1]: *** [cmTC_a4575/fast] Error 2
make[1]: Leaving directory '/home/codemao/Panda/Projects/Learning/C++_Stand/build/CMakeFiles/CMakeTmp'

File /home/codemao/Panda/Projects/Learning/C++_Stand/build/CMakeFiles/CMakeTmp/CheckSymbolExists.c:
/* */
#include <pthread.h>

int main(int argc, char** argv)
{
  (void)argv;
#ifndef pthread_create
  return ((int*)(&pthread_create))[argc];
#else
  (void)argc;
  return 0;
#endif
}

Determining if the function pthread_create exists in the pthreads failed with the following output:
Change Dir: /home/codemao/Panda/Projects/Learning/C++_Stand/build/CMakeFiles/CMakeTmp

Run Build Command:"/usr/bin/make" "cmTC_1cd8c/fast"
make[1]: Entering directory '/home/codemao/Panda/Projects/Learning/C++_Stand/build/CMakeFiles/CMakeTmp'
/usr/bin/make -f CMakeFiles/cmTC_1cd8c.dir/build.make CMakeFiles/cmTC_1cd8c.dir/build
make[2]: Entering directory '/home/codemao/Panda/Projects/Learning/C++_Stand/build/CMakeFiles/CMakeTmp'
Building C object CMakeFiles/cmTC_1cd8c.dir/CheckFunctionExists.c.o
/usr/bin/cc   -DCHECK_FUNCTION_EXISTS=pthread_create   -o CMakeFiles/cmTC_1cd8c.dir/CheckFunctionExists.c.o   -c /usr/local/share/cmake-3.12/Modules/CheckFunctionExists.c
Linking C executable cmTC_1cd8c
/usr/local/bin/cmake -E cmake_link_script CMakeFiles/cmTC_1cd8c.dir/link.txt --verbose=1
/usr/bin/cc  -DCHECK_FUNCTION_EXISTS=pthread_create    -rdynamic CMakeFiles/cmTC_1cd8c.dir/CheckFunctionExists.c.o  -o cmTC_1cd8c -lpthreads 
/usr/bin/ld: 找不到 -lpthreads
collect2: error: ld returned 1 exit status
CMakeFiles/cmTC_1cd8c.dir/build.make:86: recipe for target 'cmTC_1cd8c' failed
make[2]: *** [cmTC_1cd8c] Error 1
make[2]: Leaving directory '/home/codemao/Panda/Projects/Learning/C++_Stand/build/CMakeFiles/CMakeTmp'
Makefile:121: recipe for target 'cmTC_1cd8c/fast' failed
make[1]: *** [cmTC_1cd8c/fast] Error 2
make[1]: Leaving directory '/home/codemao/Panda/Projects/Learning/C++_Stand/build/CMakeFiles/CMakeTmp'


